<?xml version="1.0" encoding="UTF-8"?>
<!-- Generated by org.testng.reporters.JUnitXMLReporter -->
<testsuite hostname="DESKTOP-QDCEU9J" ignored="0" name="Default test" tests="6" failures="0" timestamp="2021-11-25T14:39:34 IST" time="25.017" errors="0">
  <testcase name="browser_launch" time="9.554" classname="com.Oct_30_Mini_Project.Testng_Runner"/>
  <testcase name="cartut" time="1.323" classname="com.Oct_30_Mini_Project.Testng_Runner"/>
  <testcase name="dress_select" time="10.512" classname="com.Oct_30_Mini_Project.Testng_Runner"/>
  <testcase name="gohome_page" time="0.037" classname="com.Oct_30_Mini_Project.Testng_Runner"/>
  <testcase name="logtn" time="2.682" classname="com.Oct_30_Mini_Project.Testng_Runner"/>
  <testcase name="pay" time="0.782" classname="com.Oct_30_Mini_Project.Testng_Runner"/>
</testsuite> <!-- Default test -->
